================================================================================
XGBoost TRAINING - CEFOTAXIME RESISTANCE PREDICTION
================================================================================

[1/5] Loading optimized hyperparameters and data split...
================================================================================
✓ Loaded config: config_cefotaxime.yaml

Optimization Metadata:
------------------------------------------------------------
  Antibiotic       : cefotaxime
  Optimization Date: 2026-03-27T16:55:17.000779
  Best ROC AUC     : 1.0000
  Trials Completed : 25
------------------------------------------------------------

Data Split Information:
------------------------------------------------------------
  Split Method     : linspace_stratified_by_resistance_ratio
  Training Chunks  : 16
  Test Chunks      : 3
------------------------------------------------------------

Optimized Hyperparameters:
------------------------------------------------------------
  learning_rate        : 0.22191378071215412
  max_depth            : 11
  subsample            : 0.8456522363331843
  colsample_bytree     : 0.09000811077852301
  min_child_weight     : 5
  gamma                : 0.46424363040399486
  n_estimators         : 4
------------------------------------------------------------
================================================================================

[2/5] Loading labels and discovering chunk files...
  ✓ Loaded 3785 labels, 19 chunks

[3/5] Loading stratified train/test split from config...
  ✓ Training: 16 chunks (FULL Training Set)
  ✓ Test: 3 chunks (Stratified Test Set)
  ✓ Optuna used: 3 chunks (hyperparameter tuning only)
  Note: Training on FULL set, not the optuna subset

[4/5] Training model...

================================================================================
EPOCH-BASED INCREMENTAL MODEL TRAINING (SHUFFLED)
================================================================================
Target trees (Optuna): 4 | Epochs required: 1
Strategy: 1 tree/chunk/epoch -> Total final trees: 16
================================================================================

--- EPOCH 1/1 ---
  ✓ Epoch 1 Complete. Current Trees in Model: 16

[Threshold Configuration]
  Dynamic Instance Weighting active. Per-chunk neg/pos weight ratio applied to DMatrix.
  scale_pos_weight removed from params (prevents double-dipping with dynamic weights).
  Optimal Threshold fixed to: 0.5000 (calibrated via Dynamic Instance Weighting)

[5/5] Evaluating model...

================================================================================
MODEL EVALUATION (UNBIASED TEST SET)
================================================================================
Generating predictions...

Applying Unbiased Treshold: 0.5000 (from Training Distribution)

================================================================================
PERFORMANCE METRICS
================================================================================
Accuracy    : 0.9567
ROC AUC     : 0.9254
MCC         : 0.8633
Threshold   : 0.5000
================================================================================

Classification Report:
              precision    recall  f1-score   support

 Susceptible     0.9631    0.9833    0.9731       478
   Resistant     0.9286    0.8525    0.8889       122

    accuracy                         0.9567       600
   macro avg     0.9458    0.9179    0.9310       600
weighted avg     0.9561    0.9567    0.9560       600

Confusion Matrix:
[[470   8]
 [ 18 104]]

================================================================================

✓ Model saved: /Users/erendemirbas/Desktop/IU_master/projects/ML_project_kopyasi/models/cefotaxime/xgboost_cefotaxime_final_v2.json
✓ Timestamped Backup Model saved successfully: xgboost_cefotaxime_final_20260327_203530.json in /Users/erendemirbas/Desktop/IU_master/projects/ML_project_kopyasi/models/cefotaxime
✓ Unbiased Threshold saved to config: config_cefotaxime.yaml

================================================================================
TRAINING COMPLETE
================================================================================
