================================================================================
COMPREHENSIVE MODEL ANALYSIS: XGBOOST
================================================================================

[STEP 1/6] Validating data files...
================================================================================
  ✓ Label file: y_cefotaxime.csv
  ✓ Model file: xgboost_cefotaxime_final_v2.json
  ✓ Matrix chunks: 19 files

[STEP 2/6] Loading data and model...
✓ Loaded test set from: config_cefotaxime.yaml
  Split method: linspace_stratified_by_resistance_ratio
  Test chunks: 3
  Unbiased Threshold: 0.5000

================================================================================
LOADING TEST DATA (FROM STRATIFIED SPLIT)
================================================================================
Test chunks: ['X_cefotaxime_part_15.npz', 'X_cefotaxime_part_14.npz', 'X_cefotaxime_part_7.npz']
Total test chunks: 3
  ✓ Loaded X_cefotaxime_part_15.npz: 200 samples
  ✓ Loaded X_cefotaxime_part_14.npz: 200 samples
  ✓ Loaded X_cefotaxime_part_7.npz: 200 samples

✓ Total test data: (600, 46921434)
  Resistant: 122 | Susceptible: 478
================================================================================

Loading model: xgboost_cefotaxime_final_v2.json
  ✓ Model loaded successfully
  ✓ Number of features: 46921434
  ✓ Number of trees: 16

[STEP 4/6] Generating predictions...
  ✓ Predictions generated for 600 samples
  ✓ Probability range: [0.0131, 0.9959]

✓ Dynamically calculated optimal clinical threshold (Youden's J): 0.3865
  (Replaces config default: 0.5000)
✓ Updated clinical threshold saved to config_cefotaxime.yaml

[STEP 5/6] Evaluating performance with Youden's J optimal threshold...
  Applying Threshold: 0.3865

================================================================================
FINAL PERFORMANCE METRICS
================================================================================
Accuracy                   : 0.9550
Balanced Accuracy          : 0.9229
ROC AUC Score              : 0.9254
Precision-Recall AUC       : 0.9014
Cohen's Kappa              : 0.8589
Matthews Correlation Coef  : 0.8592
Optimal Threshold          : 0.39
================================================================================

Detailed Classification Report:
--------------------------------------------------------------------------------
                 precision    recall  f1-score   support

Susceptible (0)     0.9669    0.9770    0.9719       478
  Resistant (1)     0.9060    0.8689    0.8870       122

       accuracy                         0.9550       600
      macro avg     0.9364    0.9229    0.9295       600
   weighted avg     0.9545    0.9550    0.9546       600

Confusion Matrix:
--------------------------------------------------------------------------------
                     Predicted
                   Susceptible  Resistant
Actual Susceptible     467          11      
       Resistant       16           106     
--------------------------------------------------------------------------------

Clinical Performance Metrics:
--------------------------------------------------------------------------------
Sensitivity (True Positive Rate):  0.8689
  → Proportion of resistant bacteria correctly identified
Specificity (True Negative Rate):  0.9770
  → Proportion of susceptible bacteria correctly identified
Positive Predictive Value (PPV):   0.9060
  → When model predicts resistant, probability it's correct
Negative Predictive Value (NPV):   0.9669
  → When model predicts susceptible, probability it's correct
--------------------------------------------------------------------------------

[STEP 6/6] Generating publication-quality outputs...
================================================================================

  ✓ Comprehensive metrics saved: 06_comprehensive_metrics_cefotaxime.csv

Publication-Ready Metrics Summary:
================================================================================
Antibiotic                    : Cefotaxime
Optimal_Threshold             : 0.3865
Accuracy                      : 0.9550
Balanced_Accuracy             : 0.9229
Sensitivity_Recall_TPR        : 0.8689
Specificity_TNR               : 0.9770
Precision_PPV                 : 0.9060
NPV                           : 0.9669
F1_Score                      : 0.8870
MCC                           : 0.8592
Cohen_Kappa                   : 0.8589
ROC_AUC                       : 0.9254
PR_AUC                        : 0.9016
True_Positives                : 106
True_Negatives                : 467
False_Positives               : 11
False_Negatives               : 16
Total_Samples                 : 600
Resistant_Count               : 122
Susceptible_Count             : 478
================================================================================

Generating visualizations...
  ✓ Confusion matrix saved: 01_confusion_matrix_cefotaxime.png
  ✓ ROC curve saved: 02_roc_curve_cefotaxime.png
  ✓ Precision-Recall curve saved: 03_pr_curve_cefotaxime.png
  ✓ Probability distribution plot saved: 04_probability_distribution_cefotaxime.png
  ✓ Calibration curve saved: 05_calibration_curve_cefotaxime.png

================================================================================
ALL PUBLICATION-READY OUTPUTS GENERATED
================================================================================

[STEP 6/6] Performing error analysis...
================================================================================
False Negatives (Missed Resistant): 16

Top 10 False Negatives (by probability):
 Genome_ID  Predicted_Probability True_Label Predicted_Label     Error_Type
 562.57159               0.025519  Resistant     Susceptible False_Negative
 562.57178               0.035052  Resistant     Susceptible False_Negative
 562.57208               0.040740  Resistant     Susceptible False_Negative
 562.97470               0.042707  Resistant     Susceptible False_Negative
 562.56910               0.043238  Resistant     Susceptible False_Negative
 562.57196               0.047867  Resistant     Susceptible False_Negative
 562.57192               0.050593  Resistant     Susceptible False_Negative
 562.57169               0.058391  Resistant     Susceptible False_Negative
 562.57266               0.062198  Resistant     Susceptible False_Negative
 562.57201               0.072979  Resistant     Susceptible False_Negative

  ✓ Full error analysis saved: /Users/erendemirbas/Desktop/IU_master/projects/ML_project_kopyasi/results/cefotaxime/04_evaluation/07_error_analysis_false_negatives_cefotaxime.csv

False Positives (Overestimated): 11

================================================================================
ANALYSIS COMPLETE
================================================================================

Results saved to:
  /Users/erendemirbas/Desktop/IU_master/projects/ML_project_kopyasi/results/cefotaxime/04_evaluation

Next steps:
  1. Review false negatives - these are high-risk predictions
  2. Consider adjusting threshold if clinical context demands higher sensitivity
  3. Run feature extraction: 07_explainability.py
================================================================================
