================================================================================
FEATURE IMPORTANCE ANALYSIS: CEFOTAXIME
================================================================================

[STEP 1/4] Loading trained model...
  ✓ Model loaded: xgboost_cefotaxime_final_v2.json
  ✓ Total features in model: 46921434
  ✓ Total trees: 16

[STEP 2/4] Extracting top 50 features...
  ✓ Extracted importance scores for 41 features
  ✓ Selected top 41 features
  ✓ Importance range: 188.28 (max) to 0.58 (min)

[STEP 3/4] Mapping features to k-mer sequences...
  Feature indices to map: 41
  ✓ Successfully mapped 41 k-mer sequences

[STEP 4/4] Exporting results...
  ✓ CSV saved: /Users/erendemirbas/Desktop/IU_master/projects/ML_project_kopyasi/results/cefotaxime/05_explainability/01_top_50_features_cefotaxime.csv
  ✓ FASTA saved: /Users/erendemirbas/Desktop/IU_master/projects/ML_project_kopyasi/results/cefotaxime/05_explainability/02_top_50_features_cefotaxime.fasta

================================================================================
FEATURE EXTRACTION COMPLETE
================================================================================

Top 10 Most Important Features:
--------------------------------------------------------------------------------
 Rank Feature_ID  Gain_Score         Kmer_Sequence
    1  f37763032  188.281647 AGTGAGGACGGGGAGCAGAAT
    2   f9913428  159.884766 AGCACCATTTTATCGCCCTTA
    3  f26062000  143.400909 CATCATCGTCATCGATCCCGG
    4   f6187144  133.596893 AATCAATGATTTATCAAAAAT
    5  f33165136   99.552162 AAAAAACACACGTGGAATTTA
    6  f17359820   75.189110 AGAATCCGGTTGGCACGATCG
    7   f9679786   69.162880 CGCCCTCTGCTCGGCTTCACC
    8   f3195887   62.029774 CTTGGCCTGGTTTATCATATC
    9  f31576655   59.987183 ATGTGCACCTGCGACTGGCTG
   10   f6220173   59.495522 ATCAATGATTTATCAAAAATG
--------------------------------------------------------------------------------

Output Files:
  1. /Users/erendemirbas/Desktop/IU_master/projects/ML_project_kopyasi/results/cefotaxime/05_explainability/01_top_50_features_cefotaxime.csv
     → CSV format for analysis and visualization
  2. /Users/erendemirbas/Desktop/IU_master/projects/ML_project_kopyasi/results/cefotaxime/05_explainability/02_top_50_features_cefotaxime.fasta
     → FASTA format for BLAST analysis

Next Steps for Biological Validation:
  1. BLAST Analysis:
     → Upload FASTA file to NCBI BLAST
     → Search against bacterial genomes database
     → Identify if k-mers match known resistance genes
  2. Literature Review:
     → Check if identified genes are documented for ciprofloxacin resistance
     → Look for quinolone resistance mechanisms (e.g., gyrA, parC mutations)
  3. Experimental Validation:
     → Design primers targeting these k-mers
     → Validate presence in resistant vs susceptible isolates
================================================================================
