============================================================
AMR DATA EXPLORATION AND VISUALIZATION
============================================================
Loading metadata from: genome_amr_matrix.csv
Loaded 5865 genomes and 71 valid antibiotics.

[Running Visualizations]
Generating Resistance Distribution Plot...
 -> Saved: 01_resistance_distribution.png
Generating Missing Data Heatmap...
 -> Saved: 02_missing_data_heatmap.png
Generating Antibiotic Class Representation Plot...
 -> Saved: 03_class_distribution_donut.png
Generating Deep-Dive for Target: ampicillin...
 -> Saved: 04_target_deepdive_ampicillin.png
Generating Co-occurrence / Cross-Resistance Clustered Heatmap...
 -> Saved: 05_co_occurrence_clustermap.png

=
=
=
=
=
=
=
=
=
=
=
=
=
=
=
=
=
=
=
=
=
=
=
=
=
=
=
=
=
=
=
=
=
=
=
=
=
=
=
=
=
=
=
=
=
=
=
=
=
=
=
=
=
=
=
=
=
=
=
=
All visualizations saved to: /Users/erendemirbas/Desktop/IU_master/projects/ML_project_kopyasi/results/ampicillin/01_data_exploration
============================================================
