 ============================================================
FEATURE MATRIX (03) STATISTICAL VALIDATION & VISUALIZATION
============================================================
Analyzing constructed feature matrices in: /Users/erendemirbas/Desktop/IU_master/projects/ML_project_kopyasi/data/processed/ampicillin/matrix
✓ Found 4371 Valid Genomes for ML.
✓ Found 22 Matrix Chunks. Extracting statistics...

Parsing Sparsity:   0%|          | 0/22 [00:00<?, ?it/s]
Parsing Sparsity:   5%|▍         | 1/22 [00:12<04:20, 12.41s/it]
Parsing Sparsity:   9%|▉         | 2/22 [00:24<04:09, 12.47s/it]
Parsing Sparsity:  14%|█▎        | 3/22 [00:37<03:56, 12.45s/it]
Parsing Sparsity:  18%|█▊        | 4/22 [00:49<03:43, 12.44s/it]
Parsing Sparsity:  23%|██▎       | 5/22 [01:02<03:30, 12.38s/it]
Parsing Sparsity:  27%|██▋       | 6/22 [01:14<03:18, 12.38s/it]
Parsing Sparsity:  32%|███▏      | 7/22 [01:27<03:06, 12.46s/it]
Parsing Sparsity:  36%|███▋      | 8/22 [01:39<02:54, 12.45s/it]
Parsing Sparsity:  41%|████      | 9/22 [01:51<02:40, 12.37s/it]
Parsing Sparsity:  45%|████▌     | 10/22 [02:04<02:28, 12.39s/it]
Parsing Sparsity:  50%|█████     | 11/22 [02:16<02:15, 12.36s/it]
Parsing Sparsity:  55%|█████▍    | 12/22 [02:28<02:03, 12.35s/it]
Parsing Sparsity:  59%|█████▉    | 13/22 [02:41<01:51, 12.40s/it]
Parsing Sparsity:  64%|██████▎   | 14/22 [02:53<01:39, 12.43s/it]
Parsing Sparsity:  68%|██████▊   | 15/22 [03:06<01:26, 12.41s/it]
Parsing Sparsity:  73%|███████▎  | 16/22 [03:18<01:14, 12.48s/it]
Parsing Sparsity:  77%|███████▋  | 17/22 [03:31<01:02, 12.48s/it]
Parsing Sparsity:  82%|████████▏ | 18/22 [03:43<00:49, 12.49s/it]
Parsing Sparsity:  86%|████████▋ | 19/22 [03:56<00:37, 12.51s/it]
Parsing Sparsity:  91%|█████████ | 20/22 [04:08<00:25, 12.54s/it]
Parsing Sparsity:  95%|█████████▌| 21/22 [04:21<00:12, 12.58s/it]
Parsing Sparsity: 100%|██████████| 22/22 [04:32<00:00, 12.04s/it]
Parsing Sparsity: 100%|██████████| 22/22 [04:32<00:00, 12.38s/it]

[Running Visualizations]
Generating Final ML Class Balance...
 -> Saved: 01_class_balance_ampicillin.png
Generating Matrix Sparsity Distribution...
 -> Saved: 02_sparsity_check_ampicillin.png
Generating Chunk Memory Profile...
 -> Saved: 03_memory_profile_ampicillin.png

Generating Global Feature Prevalence Distribution...

Calculating Global Prevalence:   0%|          | 0/22 [00:00<?, ?it/s]
Calculating Global Prevalence:   5%|▍         | 1/22 [00:19<06:53, 19.67s/it]
Calculating Global Prevalence:   9%|▉         | 2/22 [00:37<06:13, 18.67s/it]
Calculating Global Prevalence:  14%|█▎        | 3/22 [00:55<05:48, 18.34s/it]
Calculating Global Prevalence:  18%|█▊        | 4/22 [01:13<05:27, 18.22s/it]
Calculating Global Prevalence:  23%|██▎       | 5/22 [01:31<05:07, 18.08s/it]
Calculating Global Prevalence:  27%|██▋       | 6/22 [01:49<04:50, 18.13s/it]
Calculating Global Prevalence:  32%|███▏      | 7/22 [02:08<04:34, 18.30s/it]
Calculating Global Prevalence:  36%|███▋      | 8/22 [02:26<04:15, 18.22s/it]
Calculating Global Prevalence:  41%|████      | 9/22 [02:44<03:56, 18.20s/it]
Calculating Global Prevalence:  45%|████▌     | 10/22 [03:03<03:39, 18.33s/it]
Calculating Global Prevalence:  50%|█████     | 11/22 [03:22<03:23, 18.54s/it]
Calculating Global Prevalence:  55%|█████▍    | 12/22 [03:40<03:04, 18.40s/it]
Calculating Global Prevalence:  59%|█████▉    | 13/22 [03:58<02:45, 18.40s/it]
Calculating Global Prevalence:  64%|██████▎   | 14/22 [04:17<02:28, 18.51s/it]
Calculating Global Prevalence:  68%|██████▊   | 15/22 [04:36<02:10, 18.60s/it]
Calculating Global Prevalence:  73%|███████▎  | 16/22 [04:55<01:52, 18.68s/it]
Calculating Global Prevalence:  77%|███████▋  | 17/22 [05:13<01:33, 18.71s/it]
Calculating Global Prevalence:  82%|████████▏ | 18/22 [05:32<01:14, 18.73s/it]
Calculating Global Prevalence:  86%|████████▋ | 19/22 [05:51<00:56, 18.75s/it]
Calculating Global Prevalence:  91%|█████████ | 20/22 [06:10<00:37, 18.93s/it]
Calculating Global Prevalence:  95%|█████████▌| 21/22 [06:29<00:18, 18.80s/it]
Calculating Global Prevalence: 100%|██████████| 22/22 [06:44<00:00, 17.73s/it]
Calculating Global Prevalence: 100%|██████████| 22/22 [06:44<00:00, 18.39s/it]
 -> Saved: 04_feature_prevalence_ampicillin.png

Generating Exact Global SVD Separability Proof (100% Data Deduction)...
  [Pass 1/3] Scanning chunk dimensions...
  [Pass 2/3] Computing Exact Gram Matrix (XX^T) safely...
             Strategy: Safe Dual-Load (Max ~5GB RAM). Processing 48M+ features...

Block Matrix Multiplication (Outer):   0%|          | 0/22 [00:00<?, ?it/s]
Block Matrix Multiplication (Outer):   5%|▍         | 1/22 [1:08:27<23:57:47, 4107.98s/it]
Block Matrix Multiplication (Outer):   9%|▉         | 2/22 [2:12:09<21:53:08, 3939.45s/it]
Block Matrix Multiplication (Outer):  14%|█▎        | 3/22 [3:12:29<20:01:18, 3793.63s/it]
Block Matrix Multiplication (Outer):  18%|█▊        | 4/22 [4:09:45<18:15:45, 3652.54s/it]
Block Matrix Multiplication (Outer):  23%|██▎       | 5/22 [5:03:48<16:32:58, 3504.63s/it]
Block Matrix Multiplication (Outer):  27%|██▋       | 6/22 [5:54:12<14:51:03, 3341.45s/it]
Block Matrix Multiplication (Outer):  32%|███▏      | 7/22 [6:41:37<13:14:44, 3178.93s/it]
Block Matrix Multiplication (Outer):  36%|███▋      | 8/22 [7:26:16<11:44:37, 3019.85s/it]
Block Matrix Multiplication (Outer):  41%|████      | 9/22 [8:08:52<10:22:51, 2874.74s/it]
Block Matrix Multiplication (Outer):  45%|████▌     | 10/22 [8:47:45<9:01:30, 2707.55s/it]
Block Matrix Multiplication (Outer):  50%|█████     | 11/22 [9:23:15<7:43:58, 2530.79s/it]
Block Matrix Multiplication (Outer):  55%|█████▍    | 12/22 [9:55:29<6:31:34, 2349.43s/it]
Block Matrix Multiplication (Outer):  59%|█████▉    | 13/22 [10:25:48<5:28:17, 2188.58s/it]
Block Matrix Multiplication (Outer):  64%|██████▎   | 14/22 [10:52:59<4:29:22, 2020.28s/it]
Block Matrix Multiplication (Outer):  68%|██████▊   | 15/22 [11:17:00<3:35:18, 1845.44s/it]
Block Matrix Multiplication (Outer):  73%|███████▎  | 16/22 [11:37:50<2:46:38, 1666.41s/it]
Block Matrix Multiplication (Outer):  77%|███████▋  | 17/22 [11:55:15<2:03:16, 1479.36s/it]
Block Matrix Multiplication (Outer):  82%|████████▏ | 18/22 [12:10:04<1:26:48, 1302.01s/it]
Block Matrix Multiplication (Outer):  86%|████████▋ | 19/22 [12:21:39<55:59, 1119.87s/it]  
Block Matrix Multiplication (Outer):  91%|█████████ | 20/22 [12:30:23<31:21, 940.80s/it] 
Block Matrix Multiplication (Outer):  95%|█████████▌| 21/22 [12:35:54<12:37, 757.84s/it]
Block Matrix Multiplication (Outer): 100%|██████████| 22/22 [12:38:13<00:00, 572.07s/it]
Block Matrix Multiplication (Outer): 100%|██████████| 22/22 [12:38:13<00:00, 2067.88s/it]
  [Pass 3/3] Extracting Principal Components via Eigendecomposition...
  Generating Plots...
 -> Saved 2D plot: 05_svd_2d_separability_ampicillin.png
 -> Saved 3D plot: 05_svd_3d_separability_ampicillin.png

=
=
=
=
=
=
=
=
=
=
=
=
=
=
=
=
=
=
=
=
=
=
=
=
=
=
=
=
=
=
=
=
=
=
=
=
=
=
=
=
=
=
=
=
=
=
=
=
=
=
=
=
=
=
=
=
=
=
=
=
All visualizations saved to: /Users/erendemirbas/Desktop/IU_master/projects/ML_project_kopyasi/results/ampicillin/02_matrix_qc
============================================================