================================================================================
XGBoost TRAINING - AMPICILLIN RESISTANCE PREDICTION
================================================================================

[1/5] Loading optimized hyperparameters and data split...
================================================================================
✓ Loaded config: config_ampicillin.yaml

Optimization Metadata:
------------------------------------------------------------
  Antibiotic       : ampicillin
  Optimization Date: 2026-03-24T04:48:16.818013
  Best ROC AUC     : 0.9915
  Trials Completed : 25
------------------------------------------------------------

Data Split Information:
------------------------------------------------------------
  Split Method     : linspace_stratified_by_resistance_ratio
  Training Chunks  : 18
  Test Chunks      : 4
------------------------------------------------------------

Optimized Hyperparameters:
------------------------------------------------------------
  learning_rate        : 0.05912670195068412
  max_depth            : 4
  subsample            : 0.6715556916598875
  colsample_bytree     : 0.09270592627692081
  min_child_weight     : 1
  gamma                : 2.37995109401889
  n_estimators         : 41
------------------------------------------------------------
================================================================================

[2/5] Loading labels and discovering chunk files...
  ✓ Loaded 4371 labels, 22 chunks

[3/5] Loading stratified train/test split from config...
  ✓ Training: 18 chunks (FULL Training Set)
  ✓ Test: 4 chunks (Stratified Test Set)
  ✓ Optuna used: 3 chunks (hyperparameter tuning only)
  Note: Training on FULL set, not the optuna subset

[4/5] Training model...

================================================================================
EPOCH-BASED INCREMENTAL MODEL TRAINING (SHUFFLED)
================================================================================
Target trees (Optuna): 41 | Epochs required: 3
Strategy: 1 tree/chunk/epoch -> Total final trees: 54
================================================================================

--- EPOCH 1/3 ---
  ✓ Epoch 1 Complete. Current Trees in Model: 18

--- EPOCH 2/3 ---
  ✓ Epoch 2 Complete. Current Trees in Model: 36

--- EPOCH 3/3 ---
  ✓ Epoch 3 Complete. Current Trees in Model: 54

[Threshold Configuration]
  Dynamic Instance Weighting active. Per-chunk neg/pos weight ratio applied to DMatrix.
  scale_pos_weight removed from params (prevents double-dipping with dynamic weights).
  Optimal Threshold fixed to: 0.5000 (calibrated via Dynamic Instance Weighting)

[5/5] Evaluating model...

================================================================================
MODEL EVALUATION (UNBIASED TEST SET)
================================================================================
Generating predictions...

Applying Unbiased Treshold: 0.5000 (from Training Distribution)

================================================================================
PERFORMANCE METRICS
================================================================================
Accuracy    : 0.8450
ROC AUC     : 0.9274
MCC         : 0.7030
Threshold   : 0.5000
================================================================================

Classification Report:
              precision    recall  f1-score   support

 Susceptible     0.7097    0.9429    0.8098       280
   Resistant     0.9626    0.7923    0.8692       520

    accuracy                         0.8450       800
   macro avg     0.8361    0.8676    0.8395       800
weighted avg     0.8741    0.8450    0.8484       800

Confusion Matrix:
[[264  16]
 [108 412]]

================================================================================

✓ Model saved: /Users/erendemirbas/Desktop/IU_master/projects/ML_project_kopyasi/models/ampicillin/xgboost_ampicillin_final_v2.json
✓ Timestamped Backup Model saved successfully: xgboost_ampicillin_final_20260324_134208.json in /Users/erendemirbas/Desktop/IU_master/projects/ML_project_kopyasi/models/ampicillin
✓ Unbiased Threshold saved to config: config_ampicillin.yaml

================================================================================
TRAINING COMPLETE
================================================================================
