================================================================================
COMPREHENSIVE MODEL ANALYSIS: XGBOOST
================================================================================

[STEP 1/6] Validating data files...
================================================================================
  ✓ Label file: y_ampicillin.csv
  ✓ Model file: xgboost_ampicillin_final_v2.json
  ✓ Matrix chunks: 22 files

[STEP 2/6] Loading data and model...
✓ Loaded test set from: config_ampicillin.yaml
  Split method: linspace_stratified_by_resistance_ratio
  Test chunks: 4
  Unbiased Threshold: 0.5000

================================================================================
LOADING TEST DATA (FROM STRATIFIED SPLIT)
================================================================================
Test chunks: ['X_ampicillin_part_5.npz', 'X_ampicillin_part_4.npz', 'X_ampicillin_part_17.npz', 'X_ampicillin_part_14.npz']
Total test chunks: 4
  ✓ Loaded X_ampicillin_part_5.npz: 200 samples
  ✓ Loaded X_ampicillin_part_4.npz: 200 samples
  ✓ Loaded X_ampicillin_part_17.npz: 200 samples
  ✓ Loaded X_ampicillin_part_14.npz: 200 samples

✓ Total test data: (800, 50781684)
  Resistant: 520 | Susceptible: 280
================================================================================

Loading model: xgboost_ampicillin_final_v2.json
  ✓ Model loaded successfully
  ✓ Number of features: 50781684
  ✓ Number of trees: 54

[STEP 4/6] Generating predictions...
  ✓ Predictions generated for 800 samples
  ✓ Probability range: [0.0651, 0.9596]

✓ Dynamically calculated optimal clinical threshold (Youden's J): 0.3563
  (Replaces config default: 0.5000)
✓ Updated clinical threshold saved to config_ampicillin.yaml

[STEP 5/6] Evaluating performance with Youden's J optimal threshold...
  Applying Threshold: 0.3563

================================================================================
FINAL PERFORMANCE METRICS
================================================================================
Accuracy                   : 0.8712
Balanced Accuracy          : 0.8820
ROC AUC Score              : 0.9274
Precision-Recall AUC       : 0.9650
Cohen's Kappa              : 0.7297
Matthews Correlation Coef  : 0.7380
Optimal Threshold          : 0.36
================================================================================

Detailed Classification Report:
--------------------------------------------------------------------------------
                 precision    recall  f1-score   support

Susceptible (0)     0.7626    0.9179    0.8331       280
  Resistant (1)     0.9503    0.8462    0.8952       520

       accuracy                         0.8712       800
      macro avg     0.8565    0.8820    0.8641       800
   weighted avg     0.8846    0.8712    0.8735       800

Confusion Matrix:
--------------------------------------------------------------------------------
                     Predicted
                   Susceptible  Resistant
Actual Susceptible     257          23      
       Resistant       80           440     
--------------------------------------------------------------------------------

Clinical Performance Metrics:
--------------------------------------------------------------------------------
Sensitivity (True Positive Rate):  0.8462
  → Proportion of resistant bacteria correctly identified
Specificity (True Negative Rate):  0.9179
  → Proportion of susceptible bacteria correctly identified
Positive Predictive Value (PPV):   0.9503
  → When model predicts resistant, probability it's correct
Negative Predictive Value (NPV):   0.7626
  → When model predicts susceptible, probability it's correct
--------------------------------------------------------------------------------

[STEP 6/6] Generating publication-quality outputs...
================================================================================

  ✓ Comprehensive metrics saved: 06_comprehensive_metrics_ampicillin.csv

Publication-Ready Metrics Summary:
================================================================================
Antibiotic                    : Ampicillin
Optimal_Threshold             : 0.3563
Accuracy                      : 0.8712
Balanced_Accuracy             : 0.8820
Sensitivity_Recall_TPR        : 0.8462
Specificity_TNR               : 0.9179
Precision_PPV                 : 0.9503
NPV                           : 0.7626
F1_Score                      : 0.8952
MCC                           : 0.7380
Cohen_Kappa                   : 0.7297
ROC_AUC                       : 0.9274
PR_AUC                        : 0.9651
True_Positives                : 440
True_Negatives                : 257
False_Positives               : 23
False_Negatives               : 80
Total_Samples                 : 800
Resistant_Count               : 520
Susceptible_Count             : 280
================================================================================

Generating visualizations...
  ✓ Confusion matrix saved: 01_confusion_matrix_ampicillin.png
  ✓ ROC curve saved: 02_roc_curve_ampicillin.png
  ✓ Precision-Recall curve saved: 03_pr_curve_ampicillin.png
  ✓ Probability distribution plot saved: 04_probability_distribution_ampicillin.png
  ✓ Calibration curve saved: 05_calibration_curve_ampicillin.png

================================================================================
ALL PUBLICATION-READY OUTPUTS GENERATED
================================================================================

[STEP 6/6] Performing error analysis...
================================================================================
False Negatives (Missed Resistant): 80

Top 10 False Negatives (by probability):
 Genome_ID  Predicted_Probability True_Label Predicted_Label     Error_Type
562.100905               0.080866  Resistant     Susceptible False_Negative
562.778400               0.097720  Resistant     Susceptible False_Negative
562.144183               0.097864  Resistant     Susceptible False_Negative
562.144227               0.101022  Resistant     Susceptible False_Negative
562.144181               0.105866  Resistant     Susceptible False_Negative
562.144176               0.105866  Resistant     Susceptible False_Negative
562.100894               0.111599  Resistant     Susceptible False_Negative
562.144233               0.112865  Resistant     Susceptible False_Negative
562.144258               0.114421  Resistant     Susceptible False_Negative
562.144184               0.115683  Resistant     Susceptible False_Negative

  ✓ Full error analysis saved: /Users/erendemirbas/Desktop/IU_master/projects/ML_project_kopyasi/results/ampicillin/04_evaluation/07_error_analysis_false_negatives_ampicillin.csv

False Positives (Overestimated): 23

================================================================================
ANALYSIS COMPLETE
================================================================================

Results saved to:
  /Users/erendemirbas/Desktop/IU_master/projects/ML_project_kopyasi/results/ampicillin/04_evaluation

Next steps:
  1. Review false negatives - these are high-risk predictions
  2. Consider adjusting threshold if clinical context demands higher sensitivity
  3. Run feature extraction: 07_explainability.py
================================================================================
