================================================================================
FEATURE IMPORTANCE ANALYSIS: AMPICILLIN
================================================================================

[STEP 1/4] Loading trained model...
  ✓ Model loaded: xgboost_ampicillin_final_v2.json
  ✓ Total features in model: 50781684
  ✓ Total trees: 54

[STEP 2/4] Extracting top 50 features...
  ✓ Extracted importance scores for 170 features
  ✓ Selected top 50 features
  ✓ Importance range: 81.87 (max) to 11.10 (min)

[STEP 3/4] Mapping features to k-mer sequences...
  Feature indices to map: 50
  ✓ Successfully mapped 50 k-mer sequences

[STEP 4/4] Exporting results...
  ✓ CSV saved: /Users/erendemirbas/Desktop/IU_master/projects/ML_project_kopyasi/results/ampicillin/05_explainability/01_top_50_features_ampicillin.csv
  ✓ FASTA saved: /Users/erendemirbas/Desktop/IU_master/projects/ML_project_kopyasi/results/ampicillin/05_explainability/02_top_50_features_ampicillin.fasta

================================================================================
FEATURE EXTRACTION COMPLETE
================================================================================

Top 10 Most Important Features:
--------------------------------------------------------------------------------
 Rank Feature_ID  Gain_Score         Kmer_Sequence
    1  f39136650   81.874023 AGGGTTATTGTCTCATGAGCG
    2  f16439390   74.769287 AATAATAACCGGAGTTTAACA
    3  f26953653   65.559593 AATGATGAGCACTTTTAAAGT
    4  f21647767   62.187401 ATATGCATTCCTTCGAAATTC
    5   f2288609   54.079395 AGCAATAAACCAGCCAGCCGG
    6   f2326839   49.273464 CCCTTCCGGCTGGCTGGTTTA
    7    f376172   45.056717 TAAATGCTTCAATAATATTGA
    8    f254818   42.525330 AAATGCTTCAATAATATTGAA
    9  f30875532   35.893837 GATAATCTCATGACCAAAATC
   10   f3197847   34.404819 AACTATTAACTGGCGAACTAC
--------------------------------------------------------------------------------

Output Files:
  1. /Users/erendemirbas/Desktop/IU_master/projects/ML_project_kopyasi/results/ampicillin/05_explainability/01_top_50_features_ampicillin.csv
     → CSV format for analysis and visualization
  2. /Users/erendemirbas/Desktop/IU_master/projects/ML_project_kopyasi/results/ampicillin/05_explainability/02_top_50_features_ampicillin.fasta
     → FASTA format for BLAST analysis

Next Steps for Biological Validation:
  1. BLAST Analysis:
     → Upload FASTA file to NCBI BLAST
     → Search against bacterial genomes database
     → Identify if k-mers match known resistance genes
  2. Literature Review:
     → Check if identified genes are documented for ciprofloxacin resistance
     → Look for quinolone resistance mechanisms (e.g., gyrA, parC mutations)
  3. Experimental Validation:
     → Design primers targeting these k-mers
     → Validate presence in resistant vs susceptible isolates
================================================================================
