================================================================================
XGBoost TRAINING - GENTAMICIN RESISTANCE PREDICTION
================================================================================

[1/5] Loading optimized hyperparameters and data split...
================================================================================
✓ Loaded config: config_gentamicin.yaml

Optimization Metadata:
------------------------------------------------------------
  Antibiotic       : gentamicin
  Optimization Date: 2026-03-26T00:53:54.505771
  Best ROC AUC     : 0.9260
  Trials Completed : 25
------------------------------------------------------------

Data Split Information:
------------------------------------------------------------
  Split Method     : linspace_stratified_by_resistance_ratio
  Training Chunks  : 17
  Test Chunks      : 4
------------------------------------------------------------

Optimized Hyperparameters:
------------------------------------------------------------
  learning_rate        : 0.1694118175033408
  max_depth            : 9
  subsample            : 0.7369533162826045
  colsample_bytree     : 0.24723008959870024
  min_child_weight     : 3
  gamma                : 2.7915750967351793
  n_estimators         : 5
------------------------------------------------------------
================================================================================

[2/5] Loading labels and discovering chunk files...
  ✓ Loaded 4191 labels, 21 chunks

[3/5] Loading stratified train/test split from config...
  ✓ Training: 17 chunks (FULL Training Set)
  ✓ Test: 4 chunks (Stratified Test Set)
  ✓ Optuna used: 3 chunks (hyperparameter tuning only)
  Note: Training on FULL set, not the optuna subset

[4/5] Training model...

================================================================================
EPOCH-BASED INCREMENTAL MODEL TRAINING (SHUFFLED)
================================================================================
Target trees (Optuna): 5 | Epochs required: 1
Strategy: 1 tree/chunk/epoch -> Total final trees: 17
================================================================================

--- EPOCH 1/1 ---
  ✓ Epoch 1 Complete. Current Trees in Model: 17

[Threshold Configuration]
  Dynamic Instance Weighting active. Per-chunk neg/pos weight ratio applied to DMatrix.
  scale_pos_weight removed from params (prevents double-dipping with dynamic weights).
  Optimal Threshold fixed to: 0.5000 (calibrated via Dynamic Instance Weighting)

[5/5] Evaluating model...

================================================================================
MODEL EVALUATION (UNBIASED TEST SET)
================================================================================
Generating predictions...

Applying Unbiased Treshold: 0.5000 (from Training Distribution)

================================================================================
PERFORMANCE METRICS
================================================================================
Accuracy    : 0.9613
ROC AUC     : 0.9300
MCC         : 0.8759
Threshold   : 0.5000
================================================================================

Classification Report:
              precision    recall  f1-score   support

 Susceptible     0.9678    0.9844    0.9760       641
   Resistant     0.9324    0.8679    0.8990       159

    accuracy                         0.9613       800
   macro avg     0.9501    0.9262    0.9375       800
weighted avg     0.9608    0.9613    0.9607       800

Confusion Matrix:
[[631  10]
 [ 21 138]]

================================================================================

✓ Model saved: /Users/erendemirbas/Desktop/IU_master/projects/ML_project_kopyasi/models/gentamicin/xgboost_gentamicin_final_v2.json
✓ Timestamped Backup Model saved successfully: xgboost_gentamicin_final_20260326_061705.json in /Users/erendemirbas/Desktop/IU_master/projects/ML_project_kopyasi/models/gentamicin
✓ Unbiased Threshold saved to config: config_gentamicin.yaml

================================================================================
TRAINING COMPLETE
================================================================================
