================================================================================
COMPREHENSIVE MODEL ANALYSIS: XGBOOST
================================================================================

[STEP 1/6] Validating data files...
================================================================================
  ✓ Label file: y_gentamicin.csv
  ✓ Model file: xgboost_gentamicin_final_v2.json
  ✓ Matrix chunks: 21 files

[STEP 2/6] Loading data and model...
✓ Loaded test set from: config_gentamicin.yaml
  Split method: linspace_stratified_by_resistance_ratio
  Test chunks: 4
  Unbiased Threshold: 0.5000

================================================================================
LOADING TEST DATA (FROM STRATIFIED SPLIT)
================================================================================
Test chunks: ['X_gentamicin_part_16.npz', 'X_gentamicin_part_1.npz', 'X_gentamicin_part_4.npz', 'X_gentamicin_part_10.npz']
Total test chunks: 4
  ✓ Loaded X_gentamicin_part_16.npz: 200 samples
  ✓ Loaded X_gentamicin_part_1.npz: 200 samples
  ✓ Loaded X_gentamicin_part_4.npz: 200 samples
  ✓ Loaded X_gentamicin_part_10.npz: 200 samples

✓ Total test data: (800, 49432441)
  Resistant: 159 | Susceptible: 641
================================================================================

Loading model: xgboost_gentamicin_final_v2.json
  ✓ Model loaded successfully
  ✓ Number of features: 49432441
  ✓ Number of trees: 17

[STEP 4/6] Generating predictions...
  ✓ Predictions generated for 800 samples
  ✓ Probability range: [0.0201, 0.9870]

✓ Dynamically calculated optimal clinical threshold (Youden's J): 0.4985
  (Replaces config default: 0.5000)
✓ Updated clinical threshold saved to config_gentamicin.yaml

[STEP 5/6] Evaluating performance with Youden's J optimal threshold...
  Applying Threshold: 0.4985

================================================================================
FINAL PERFORMANCE METRICS
================================================================================
Accuracy                   : 0.9625
Balanced Accuracy          : 0.9293
ROC AUC Score              : 0.9300
Precision-Recall AUC       : 0.8550
Cohen's Kappa              : 0.8794
Matthews Correlation Coef  : 0.8801
Optimal Threshold          : 0.50
================================================================================

Detailed Classification Report:
--------------------------------------------------------------------------------
                 precision    recall  f1-score   support

Susceptible (0)     0.9693    0.9844    0.9768       641
  Resistant (1)     0.9329    0.8742    0.9026       159

       accuracy                         0.9625       800
      macro avg     0.9511    0.9293    0.9397       800
   weighted avg     0.9620    0.9625    0.9620       800

Confusion Matrix:
--------------------------------------------------------------------------------
                     Predicted
                   Susceptible  Resistant
Actual Susceptible     631          10      
       Resistant       20           139     
--------------------------------------------------------------------------------

Clinical Performance Metrics:
--------------------------------------------------------------------------------
Sensitivity (True Positive Rate):  0.8742
  → Proportion of resistant bacteria correctly identified
Specificity (True Negative Rate):  0.9844
  → Proportion of susceptible bacteria correctly identified
Positive Predictive Value (PPV):   0.9329
  → When model predicts resistant, probability it's correct
Negative Predictive Value (NPV):   0.9693
  → When model predicts susceptible, probability it's correct
--------------------------------------------------------------------------------

[STEP 6/6] Generating publication-quality outputs...
================================================================================

  ✓ Comprehensive metrics saved: 06_comprehensive_metrics_gentamicin.csv

Publication-Ready Metrics Summary:
================================================================================
Antibiotic                    : Gentamicin
Optimal_Threshold             : 0.4985
Accuracy                      : 0.9625
Balanced_Accuracy             : 0.9293
Sensitivity_Recall_TPR        : 0.8742
Specificity_TNR               : 0.9844
Precision_PPV                 : 0.9329
NPV                           : 0.9693
F1_Score                      : 0.9026
MCC                           : 0.8801
Cohen_Kappa                   : 0.8794
ROC_AUC                       : 0.9300
PR_AUC                        : 0.8562
True_Positives                : 139
True_Negatives                : 631
False_Positives               : 10
False_Negatives               : 20
Total_Samples                 : 800
Resistant_Count               : 159
Susceptible_Count             : 641
================================================================================

Generating visualizations...
  ✓ Confusion matrix saved: 01_confusion_matrix_gentamicin.png
  ✓ ROC curve saved: 02_roc_curve_gentamicin.png
  ✓ Precision-Recall curve saved: 03_pr_curve_gentamicin.png
  ✓ Probability distribution plot saved: 04_probability_distribution_gentamicin.png
  ✓ Calibration curve saved: 05_calibration_curve_gentamicin.png

================================================================================
ALL PUBLICATION-READY OUTPUTS GENERATED
================================================================================

[STEP 6/6] Performing error analysis...
================================================================================
False Negatives (Missed Resistant): 20

Top 10 False Negatives (by probability):
 Genome_ID  Predicted_Probability True_Label Predicted_Label     Error_Type
562.574100               0.021294  Resistant     Susceptible False_Negative
562.100264               0.022223  Resistant     Susceptible False_Negative
562.574400               0.028331  Resistant     Susceptible False_Negative
562.574320               0.033847  Resistant     Susceptible False_Negative
562.574380               0.040998  Resistant     Susceptible False_Negative
562.100305               0.045728  Resistant     Susceptible False_Negative
562.587370               0.048444  Resistant     Susceptible False_Negative
562.574490               0.057972  Resistant     Susceptible False_Negative
562.587270               0.065727  Resistant     Susceptible False_Negative
562.587750               0.072608  Resistant     Susceptible False_Negative

  ✓ Full error analysis saved: /Users/erendemirbas/Desktop/IU_master/projects/ML_project_kopyasi/results/gentamicin/04_evaluation/07_error_analysis_false_negatives_gentamicin.csv

False Positives (Overestimated): 10

================================================================================
ANALYSIS COMPLETE
================================================================================

Results saved to:
  /Users/erendemirbas/Desktop/IU_master/projects/ML_project_kopyasi/results/gentamicin/04_evaluation

Next steps:
  1. Review false negatives - these are high-risk predictions
  2. Consider adjusting threshold if clinical context demands higher sensitivity
  3. Run feature extraction: 07_explainability.py
================================================================================
