================================================================================
FEATURE IMPORTANCE ANALYSIS: GENTAMICIN
================================================================================

[STEP 1/4] Loading trained model...
  ✓ Model loaded: xgboost_gentamicin_final_v2.json
  ✓ Total features in model: 49432441
  ✓ Total trees: 17

[STEP 2/4] Extracting top 50 features...
  ✓ Extracted importance scores for 40 features
  ✓ Selected top 40 features
  ✓ Importance range: 199.07 (max) to 3.08 (min)

[STEP 3/4] Mapping features to k-mer sequences...
  Feature indices to map: 40
  ✓ Successfully mapped 40 k-mer sequences

[STEP 4/4] Exporting results...
  ✓ CSV saved: /Users/erendemirbas/Desktop/IU_master/projects/ML_project_kopyasi/results/gentamicin/05_explainability/01_top_50_features_gentamicin.csv
  ✓ FASTA saved: /Users/erendemirbas/Desktop/IU_master/projects/ML_project_kopyasi/results/gentamicin/05_explainability/02_top_50_features_gentamicin.fasta

================================================================================
FEATURE EXTRACTION COMPLETE
================================================================================

Top 10 Most Important Features:
--------------------------------------------------------------------------------
 Rank Feature_ID  Gain_Score         Kmer_Sequence
    1    f254434  199.072632 AACAGCAGGGCCTTCCCGCCA
    2     f84257  184.620850 CGGCAACATCATCACGCAGAA
    3  f13048534  183.962769 AACCGCCGAGTCACCATGGGG
    4  f19693266  182.916794 AGCAAACTGAGCAAGTACAAC
    5  f44676128  181.285126 ATCATTGTCGACGGCCTCTAA
    6   f5285314  158.065704 AAATGAAACTCTGCGTGCTGA
    7   f3527579  131.943314 CAAACGTGCCGTAGAACAAGC
    8  f42164607  118.639709 CAGCATTGGTTCTCGTTGGGC
    9   f3643915   95.320450 ATTGCCGCTGTTTATTGTCGA
   10    f342351   82.519249 GAAGGCCCTGCTGTTGGGTGC
--------------------------------------------------------------------------------

Output Files:
  1. /Users/erendemirbas/Desktop/IU_master/projects/ML_project_kopyasi/results/gentamicin/05_explainability/01_top_50_features_gentamicin.csv
     → CSV format for analysis and visualization
  2. /Users/erendemirbas/Desktop/IU_master/projects/ML_project_kopyasi/results/gentamicin/05_explainability/02_top_50_features_gentamicin.fasta
     → FASTA format for BLAST analysis

Next Steps for Biological Validation:
  1. BLAST Analysis:
     → Upload FASTA file to NCBI BLAST
     → Search against bacterial genomes database
     → Identify if k-mers match known resistance genes
  2. Literature Review:
     → Check if identified genes are documented for ciprofloxacin resistance
     → Look for quinolone resistance mechanisms (e.g., gyrA, parC mutations)
  3. Experimental Validation:
     → Design primers targeting these k-mers
     → Validate presence in resistant vs susceptible isolates
================================================================================
