================================================================================
XGBoost TRAINING - CIPROFLOXACIN RESISTANCE PREDICTION
================================================================================

[1/5] Loading optimized hyperparameters and data split...
================================================================================
✓ Loaded config: config_ciprofloxacin.yaml

Optimization Metadata:
------------------------------------------------------------
  Antibiotic       : ciprofloxacin
  Optimization Date: 2026-03-19T03:42:00.473282
  Best ROC AUC     : 0.9962
  Trials Completed : 20
------------------------------------------------------------

Data Split Information:
------------------------------------------------------------
  Split Method     : linspace_stratified_by_resistance_ratio
  Training Chunks  : 17
  Test Chunks      : 4
------------------------------------------------------------

Optimized Hyperparameters:
------------------------------------------------------------
  learning_rate        : 0.022092822677800352
  max_depth            : 5
  subsample            : 0.9015177174251967
  colsample_bytree     : 0.27949739774225446
  min_child_weight     : 4
  gamma                : 4.224731271425081
  scale_pos_weight     : 1.2823639885837395
  n_estimators         : 32
------------------------------------------------------------
================================================================================

[2/5] Loading labels and discovering chunk files...
  ✓ Loaded 4147 labels, 21 chunks

[3/5] Loading stratified train/test split from config...
  ✓ Training: 17 chunks (FULL Training Set)
  ✓ Test: 4 chunks (Stratified Test Set)
  ✓ Optuna used: 4 chunks (hyperparameter tuning only)
  Note: Training on FULL set, not the optuna subset

[4/5] Training model...

================================================================================
EPOCH-BASED INCREMENTAL MODEL TRAINING (SHUFFLED)
================================================================================
Target trees (Optuna): 32 | Epochs required: 2
Strategy: 1 tree/chunk/epoch -> Total final trees: 34
================================================================================

--- EPOCH 1/2 ---
  ✓ Epoch 1 Complete. Current Trees in Model: 17

--- EPOCH 2/2 ---
  ✓ Epoch 2 Complete. Current Trees in Model: 34

[Threshold Configuration]
  scale_pos_weight is active. Model probabilities are internally calibrated.
  Optimal Threshold fixed to: 0.5000 (Prevents Double-Dipping)

[5/5] Evaluating model...

================================================================================
MODEL EVALUATION (UNBIASED TEST SET)
================================================================================
Generating predictions...

Applying Unbiased Treshold: 0.5000 (from Training Distribution)

================================================================================
PERFORMANCE METRICS
================================================================================
Accuracy    : 0.9213
ROC AUC     : 0.9593
MCC         : 0.8293
Threshold   : 0.5000
================================================================================

Classification Report:
              precision    recall  f1-score   support

 Susceptible     0.9099    0.9725    0.9402       509
   Resistant     0.9453    0.8316    0.8848       291

    accuracy                         0.9213       800
   macro avg     0.9276    0.9021    0.9125       800
weighted avg     0.9228    0.9213    0.9200       800

Confusion Matrix:
[[495  14]
 [ 49 242]]

================================================================================

✓ Model saved: /Users/erendemirbas/Desktop/IU_master/projects/ML_project_kopyasi/models/ciprofloxacin/xgboost_ciprofloxacin_final_v2.json
✓ Unbiased Threshold saved to config: config_ciprofloxacin.yaml

================================================================================
TRAINING COMPLETE
================================================================================
