================================================================================
COMPREHENSIVE MODEL ANALYSIS: XGBOOST
================================================================================

[STEP 1/6] Validating data files...
================================================================================
  ✓ Label file: y_ciprofloxacin.csv
  ✓ Model file: xgboost_ciprofloxacin_final_v2.json
  ✓ Matrix chunks: 21 files

[STEP 2/6] Loading data and model...
✓ Loaded test set from: config_ciprofloxacin.yaml
  Split method: linspace_stratified_by_resistance_ratio
  Test chunks: 4
  Unbiased Threshold: 0.5000

================================================================================
LOADING TEST DATA (FROM STRATIFIED SPLIT)
================================================================================
Test chunks: ['X_ciprofloxacin_part_17.npz', 'X_ciprofloxacin_part_5.npz', 'X_ciprofloxacin_part_14.npz', 'X_ciprofloxacin_part_4.npz']
Total test chunks: 4
  ✓ Loaded X_ciprofloxacin_part_17.npz: 200 samples
  ✓ Loaded X_ciprofloxacin_part_5.npz: 200 samples
  ✓ Loaded X_ciprofloxacin_part_14.npz: 200 samples
  ✓ Loaded X_ciprofloxacin_part_4.npz: 200 samples

✓ Total test data: (800, 48674378)
  Resistant: 216 | Susceptible: 584
================================================================================

Loading model: xgboost_ciprofloxacin_final_v2.json
  ✓ Model loaded successfully
  ✓ Number of features: 48674378
  ✓ Number of trees: 17

[STEP 4/6] Generating predictions...
  ✓ Predictions generated for 800 samples
  ✓ Probability range: [0.1000, 0.8965]

[STEP 5/6] Evaluating performance with unbiased training threshold...
  Applying Threshold: 0.5000

================================================================================
FINAL PERFORMANCE METRICS
================================================================================
Accuracy                   : 0.9688
Balanced Accuracy          : 0.9698
ROC AUC Score              : 0.9902
Precision-Recall AUC       : 0.9834
Cohen's Kappa              : 0.9222
Matthews Correlation Coef  : 0.9230
Optimal Threshold          : 0.50
================================================================================

Detailed Classification Report:
--------------------------------------------------------------------------------
                 precision    recall  f1-score   support

Susceptible (0)     0.9895    0.9675    0.9784       584
  Resistant (1)     0.9170    0.9722    0.9438       216

       accuracy                         0.9688       800
      macro avg     0.9533    0.9698    0.9611       800
   weighted avg     0.9699    0.9688    0.9690       800

Confusion Matrix:
--------------------------------------------------------------------------------
                     Predicted
                   Susceptible  Resistant
Actual Susceptible     565          19      
       Resistant       6            210     
--------------------------------------------------------------------------------

Clinical Performance Metrics:
--------------------------------------------------------------------------------
Sensitivity (True Positive Rate):  0.9722
  → Proportion of resistant bacteria correctly identified
Specificity (True Negative Rate):  0.9675
  → Proportion of susceptible bacteria correctly identified
Positive Predictive Value (PPV):   0.9170
  → When model predicts resistant, probability it's correct
Negative Predictive Value (NPV):   0.9895
  → When model predicts susceptible, probability it's correct
--------------------------------------------------------------------------------

[STEP 6/6] Generating publication-quality outputs...
================================================================================

  ✓ Comprehensive metrics saved: comprehensive_metrics_ciprofloxacin.csv

Publication-Ready Metrics Summary:
================================================================================
Antibiotic                    : Ciprofloxacin
Optimal_Threshold             : 0.5000
Accuracy                      : 0.9688
Balanced_Accuracy             : 0.9698
Sensitivity_Recall_TPR        : 0.9722
Specificity_TNR               : 0.9675
Precision_PPV                 : 0.9170
NPV                           : 0.9895
F1_Score                      : 0.9438
MCC                           : 0.9230
Cohen_Kappa                   : 0.9222
ROC_AUC                       : 0.9902
PR_AUC                        : 0.9834
True_Positives                : 210
True_Negatives                : 565
False_Positives               : 19
False_Negatives               : 6
Total_Samples                 : 800
Resistant_Count               : 216
Susceptible_Count             : 584
================================================================================

Generating visualizations...
  ✓ Confusion matrix saved: confusion_matrix_ciprofloxacin.png
  ✓ ROC curve saved: roc_curve_ciprofloxacin.png
  ✓ Precision-Recall curve saved: precision_recall_curve_ciprofloxacin.png
  ✓ Probability distribution plot saved: probability_distribution_ciprofloxacin.png
  ✓ Calibration curve saved: calibration_curve_ciprofloxacin.png

================================================================================
ALL PUBLICATION-READY OUTPUTS GENERATED
================================================================================

[STEP 6/6] Performing error analysis...
================================================================================
False Negatives (Missed Resistant): 6

Top 10 False Negatives (by probability):
 Genome_ID  Predicted_Probability True_Label Predicted_Label     Error_Type
562.100856               0.135794  Resistant     Susceptible False_Negative
562.144911               0.183183  Resistant     Susceptible False_Negative
562.100883               0.220970  Resistant     Susceptible False_Negative
562.100889               0.340530  Resistant     Susceptible False_Negative
562.135020               0.438759  Resistant     Susceptible False_Negative
562.100893               0.440017  Resistant     Susceptible False_Negative

  ✓ Full error analysis saved: /Users/erendemirbas/Desktop/IU_master/projects/ML_project_kopyasi/analysis_results/ciprofloxacin/error_analysis_false_negatives.csv

False Positives (Overestimated): 19

================================================================================
ANALYSIS COMPLETE
================================================================================

Results saved to:
  /Users/erendemirbas/Desktop/IU_master/projects/ML_project_kopyasi/analysis_results/ciprofloxacin

Next steps:
  1. Review false negatives - these are high-risk predictions
  2. Consider adjusting threshold if clinical context demands higher sensitivity
  3. Run feature extraction: 07_explainability.py
================================================================================
