================================================================================
FEATURE IMPORTANCE ANALYSIS: CIPROFLOXACIN
================================================================================

[STEP 1/4] Loading trained model...
  ✓ Model loaded: xgboost_ciprofloxacin_final_v2.json
  ✓ Total features in model: 48674378
  ✓ Total trees: 17

[STEP 2/4] Extracting top 50 features...
  ✓ Extracted importance scores for 23 features
  ✓ Selected top 23 features
  ✓ Importance range: 154.43 (max) to 3.60 (min)

[STEP 3/4] Mapping features to k-mer sequences...
  Feature indices to map: 23
  ✓ Successfully mapped 23 k-mer sequences

[STEP 4/4] Exporting results...
  ✓ CSV saved: /Users/erendemirbas/Desktop/IU_master/projects/ML_project_kopyasi/analysis_results/ciprofloxacin/top_50_features_ciprofloxacin_final.csv
  ✓ FASTA saved: /Users/erendemirbas/Desktop/IU_master/projects/ML_project_kopyasi/analysis_results/ciprofloxacin/top_50_features_ciprofloxacin_final.fasta

================================================================================
FEATURE EXTRACTION COMPLETE
================================================================================

Top 10 Most Important Features:
--------------------------------------------------------------------------------
 Rank Feature_ID  Gain_Score         Kmer_Sequence
    1  f15420612  154.428772 AAGTCACCATGGGGATGGTAT
    2   f6850264   74.362297 ATACCATCCGCACGGCGATAT
    3  f35703588   71.286674 ATGACACGATCGTCCGTATGG
    4  f15434735   68.808311 ACCATCCCCATGGTGACTTGG
    5  f15435761   66.914818 ACCGCCAAGTCACCATGGGGA
    6   f8629910   64.061722 ACTGGCGAAACCGGCGGTTGA
    7   f7280641   57.663235 ACGCTCGCCGCAGGTAAAGTA
    8  f22401445   50.687153 AGTCGCTGCTCACGTTAGCCA
    9  f32737025   50.324066 CAGTTTGGCGACCGCATACGG
   10   f6850263   49.201576 ATACCATCCGCACGGCGATAG
--------------------------------------------------------------------------------

Output Files:
  1. /Users/erendemirbas/Desktop/IU_master/projects/ML_project_kopyasi/analysis_results/ciprofloxacin/top_50_features_ciprofloxacin_final.csv
     → CSV format for analysis and visualization
  2. /Users/erendemirbas/Desktop/IU_master/projects/ML_project_kopyasi/analysis_results/ciprofloxacin/top_50_features_ciprofloxacin_final.fasta
     → FASTA format for BLAST analysis

Next Steps for Biological Validation:
  1. BLAST Analysis:
     → Upload FASTA file to NCBI BLAST
     → Search against bacterial genomes database
     → Identify if k-mers match known resistance genes
  2. Literature Review:
     → Check if identified genes are documented for ciprofloxacin resistance
     → Look for quinolone resistance mechanisms (e.g., gyrA, parC mutations)
  3. Experimental Validation:
     → Design primers targeting these k-mers
     → Validate presence in resistant vs susceptible isolates
================================================================================
